0 verbose cli /Users/hyeonseobkim/workspace/attendance-app/mobile/.local/node-v20.20.1-darwin-arm64/bin/node /Users/hyeonseobkim/workspace/attendance-app/mobile/.local/node-v20.20.1-darwin-arm64/lib/node_modules/npm/bin/npm-cli.js
1 info using npm@10.8.2
2 info using node@v20.20.1
3 silly config load:file:/Users/hyeonseobkim/workspace/attendance-app/mobile/.local/node-v20.20.1-darwin-arm64/lib/node_modules/npm/npmrc
4 silly config load:file:/Users/hyeonseobkim/workspace/attendance-app/mobile/.npmrc
5 silly config load:file:/Users/hyeonseobkim/workspace/attendance-app/mobile/.home/.npmrc
6 silly config load:file:/Users/hyeonseobkim/workspace/attendance-app/mobile/.local/node-v20.20.1-darwin-arm64/etc/npmrc
7 verbose title npm exec eas --version
8 verbose argv "exec" "--" "eas" "--version"
9 verbose logfile logs-max:10 dir:/Users/hyeonseobkim/workspace/attendance-app/mobile/.home/.npm/_logs/2026-03-20T16_00_53_227Z-
10 verbose logfile /Users/hyeonseobkim/workspace/attendance-app/mobile/.home/.npm/_logs/2026-03-20T16_00_53_227Z-debug-0.log
11 silly logfile start cleaning logs, removing 1 files
12 silly packumentCache heap:4345298944 maxSize:1086324736 maxEntrySize:543162368
13 silly logfile done cleaning log files
14 http fetch GET 200 https://registry.npmjs.org/eas 103ms (cache revalidated)
15 verbose stack Error: could not determine executable to run
15 verbose stack     at getBinFromManifest (/Users/hyeonseobkim/workspace/attendance-app/mobile/.local/node-v20.20.1-darwin-arm64/lib/node_modules/npm/node_modules/libnpmexec/lib/get-bin-from-manifest.js:17:23)
15 verbose stack     at exec (/Users/hyeonseobkim/workspace/attendance-app/mobile/.local/node-v20.20.1-darwin-arm64/lib/node_modules/npm/node_modules/libnpmexec/lib/index.js:202:15)
15 verbose stack     at async Npm.exec (/Users/hyeonseobkim/workspace/attendance-app/mobile/.local/node-v20.20.1-darwin-arm64/lib/node_modules/npm/lib/npm.js:207:9)
15 verbose stack     at async module.exports (/Users/hyeonseobkim/workspace/attendance-app/mobile/.local/node-v20.20.1-darwin-arm64/lib/node_modules/npm/lib/cli/entry.js:74:5)
16 verbose pkgid eas@0.1.0
17 error could not determine executable to run
18 verbose cwd /Users/hyeonseobkim/workspace/attendance-app/mobile
19 verbose os Darwin 25.3.0
20 verbose node v20.20.1
21 verbose npm  v10.8.2
22 verbose exit 1
23 verbose code 1
24 error A complete log of this run can be found in: /Users/hyeonseobkim/workspace/attendance-app/mobile/.home/.npm/_logs/2026-03-20T16_00_53_227Z-debug-0.log
